<?xml version="1.0" encoding="UTF-8"?>
<!-- Generated by org.testng.reporters.JUnitXMLReporter -->
<testsuite ignored="0" hostname="LTIN226766" failures="0" tests="45" name="Main" time="109.907" errors="0" timestamp="2024-02-08T14:02:55 IST">
  <testcase classname="TestCases.GoogleHome_Test" name="search_action" time="2.679"/>
  <testcase classname="TestCases.GoogleHome_Test" name="search" time="0.964"/>
  <testcase classname="TestCases.GoogleHome_Test" name="open_webpage" time="8.379"/>
  <testcase classname="TestCases.EMI_CalculatorHomePage_TEST" name="clickONCarloan" time="0.273"/>
  <testcase classname="TestCases.EMI_CalculatorHomePage_TEST" name="refreshPage" time="0.839"/>
  <testcase classname="TestCases.EMI_CalculatorHomePage_TEST" name="load_EMICalculator_LINK" time="9.21"/>
  <testcase classname="TestCases.HomeLoanEMICalculator_Test" name="HomeLoan_Validation" time="8.147"/>
  <testcase classname="TestCases.HomeLoanEMICalculator_Test" name="setHomeValue_InCalculator" time="0.448"/>
  <testcase classname="TestCases.HomeLoanEMICalculator_Test" name="setDownPayment_InCalculator" time="0.997"/>
  <testcase classname="TestCases.HomeLoanEMICalculator_Test" name="setting_LoanInsurance_Amount" time="0.484"/>
  <testcase classname="TestCases.HomeLoanEMICalculator_Test" name="Loan_Amt_Validation" time="0.098"/>
  <testcase classname="TestCases.HomeLoanEMICalculator_Test" name="set_Interest_Rate" time="0.8"/>
  <testcase classname="TestCases.HomeLoanEMICalculator_Test" name="Setting_Loan_Duration" time="0.941"/>
  <testcase classname="TestCases.HomeLoanEMICalculator_Test" name="Loan_charges_set" time="2.736"/>
  <testcase classname="TestCases.HomeLoanEMICalculator_Test" name="Loan_StartMonthAndYear_calenderOperations" time="0.371"/>
  <testcase classname="TestCases.HomeLoanEMICalculator_Test" name="LoanStartMonthAndYear_setting" time="0.441"/>
  <testcase classname="TestCases.HomeLoanEMICalculator_Test" name="setting_OneTimeExpenses" time="2.563"/>
  <testcase classname="TestCases.HomeLoanEMICalculator_Test" name="propertyTaxesperyear" time="2.529"/>
  <testcase classname="TestCases.HomeLoanEMICalculator_Test" name="HomeInsurancePerYear_setting" time="3.409"/>
  <testcase classname="TestCases.HomeLoanEMICalculator_Test" name="SettingMaintenanceExpenses" time="0.286"/>
  <testcase classname="TestCases.HomeLoanEMICalculator_Test" name="implementing_ExcelMethods_toStoreData" time="16.343"/>
  <testcase classname="TestCases.HomeLoanEMICalculator_Test" name="Navigation_toNextPage" time="3.334"/>
  <testcase classname="TestCases.UI_CheckForLoanAmountCalculators" name="validation_Of_EMI_Calculator" time="0.109"/>
  <testcase classname="TestCases.UI_CheckForLoanAmountCalculators" name="validationOf_Loan_Amount_Calculator" time="0.087"/>
  <testcase classname="TestCases.UI_CheckForLoanAmountCalculators" name="validationOf_Loan_Tenure_Calculator" time="0.094"/>
  <testcase classname="TestCases.UI_CheckForLoanAmountCalculators" name="validationOf_Loan_Interest_Calculator" time="0.092"/>
  <testcase classname="TestCases.UI_CheckForLoanAmountCalculators" name="does_setingLoan_Amount" time="0.381"/>
  <testcase classname="TestCases.UI_CheckForLoanAmountCalculators" name="does_setingLoan_Interest_Rate" time="0.457"/>
  <testcase classname="TestCases.UI_CheckForLoanAmountCalculators" name="LoanTennure_CalculatorIs_Present_Validation" time="0.534"/>
  <testcase classname="TestCases.UI_CheckForLoanAmountCalculators" name="does_setingLoan_FeesAndCharges" time="0.764"/>
  <testcase classname="TestCases.UI_CheckForLoanEMICalc" name="needTo_setLoan_Amount" time="0.421"/>
  <testcase classname="TestCases.UI_CheckForLoanEMICalc" name="needTo_setLoan_Interest_Rate" time="0.448"/>
  <testcase classname="TestCases.UI_CheckForLoanEMICalc" name="needTo_setLoan_Tennure" time="0.542"/>
  <testcase classname="TestCases.UI_CheckForLoanEMICalc" name="needTo_setLoan_FeesAndCharges" time="0.503"/>
  <testcase classname="TestCases.UI_CheckForLoanEMICalc" name="needTo_NavigateToNxtPage" time="0.229"/>
  <testcase classname="TestCases.UI_CheckForLoanTennureCalc" name="do_setsLoan_Amount" time="3.355"/>
  <testcase classname="TestCases.UI_CheckForLoanTennureCalc" name="do_setsEMI_Amount" time="0.47"/>
  <testcase classname="TestCases.UI_CheckForLoanTennureCalc" name="do_setsLoan_AmountInterest_RATE" time="0.505"/>
  <testcase classname="TestCases.UI_CheckForLoanTennureCalc" name="do_setsFees_AND_Charges_Amount" time="0.518"/>
  <testcase classname="TestCases.UI_CheckForLoanTennureCalc" name="do_NavigateToNextPAGE" time="0.417"/>
  <testcase classname="TestCases.UI_CheckForInterestRATECalc" name="do_settingLoan_Amount" time="0.432"/>
  <testcase classname="TestCases.UI_CheckForInterestRATECalc" name="do_settingEMI_Amount" time="0.335"/>
  <testcase classname="TestCases.UI_CheckForInterestRATECalc" name="do_setingLoan_Tennure" time="0.517"/>
  <testcase classname="TestCases.UI_CheckForInterestRATECalc" name="do_setingLoan_FeesAndCharges" time="0.74"/>
  <testcase classname="TestCases.UI_CheckForInterestRATECalc" name="do_validation_Result" time="0.06"/>
</testsuite> <!-- Main -->
