<?xml version="1.0" encoding="UTF-8"?>
<!-- Generated by org.testng.reporters.JUnitXMLReporter -->
<testsuite ignored="31" hostname="LTIN226766" failures="0" tests="14" name="Grouping Functionalities" time="38.03" errors="0" timestamp="2024-02-08T14:06:31 IST">
  <testcase classname="TestCases.GoogleHome_Test" name="search_action" time="1.683"/>
  <testcase classname="TestCases.GoogleHome_Test" name="search" time="0.687"/>
  <testcase classname="TestCases.GoogleHome_Test" name="open_webpage" time="7.846"/>
  <testcase classname="TestCases.EMI_CalculatorHomePage_TEST" name="clickONCarloan" time="0.235"/>
  <testcase classname="TestCases.EMI_CalculatorHomePage_TEST" name="load_EMICalculator_LINK" time="9.23"/>
  <testcase classname="TestCases.HomeLoanEMICalculator_Test" name="Navigation_toNextPage" time="3.375"/>
  <testcase classname="TestCases.UI_CheckForLoanAmountCalculators" name="validation_Of_EMI_Calculator" time="0.253"/>
  <testcase classname="TestCases.UI_CheckForLoanAmountCalculators" name="validationOf_Loan_Amount_Calculator" time="0.087"/>
  <testcase classname="TestCases.UI_CheckForLoanAmountCalculators" name="validationOf_Loan_Tenure_Calculator" time="0.101"/>
  <testcase classname="TestCases.UI_CheckForLoanAmountCalculators" name="validationOf_Loan_Interest_Calculator" time="0.09"/>
  <testcase classname="TestCases.UI_CheckForLoanAmountCalculators" name="does_setingLoan_FeesAndCharges" time="0.631"/>
  <testcase classname="TestCases.UI_CheckForLoanEMICalc" name="needTo_NavigateToNxtPage" time="0.213"/>
  <testcase classname="TestCases.UI_CheckForLoanTennureCalc" name="do_NavigateToNextPAGE" time="0.22"/>
  <testcase classname="TestCases.UI_CheckForInterestRATECalc" name="do_validation_Result" time="0.152"/>
  <testcase classname="TestCases.HomeLoanEMICalculator_Test" name="setting_OneTimeExpenses" time="0.0">
    <ignored/>
  </testcase> <!-- setting_OneTimeExpenses -->
  <testcase classname="TestCases.HomeLoanEMICalculator_Test" name="Loan_Amt_Validation" time="0.0">
    <ignored/>
  </testcase> <!-- Loan_Amt_Validation -->
  <testcase classname="TestCases.HomeLoanEMICalculator_Test" name="Loan_StartMonthAndYear_calenderOperations" time="0.0">
    <ignored/>
  </testcase> <!-- Loan_StartMonthAndYear_calenderOperations -->
  <testcase classname="TestCases.UI_CheckForInterestRATECalc" name="do_settingEMI_Amount" time="0.0">
    <ignored/>
  </testcase> <!-- do_settingEMI_Amount -->
  <testcase classname="TestCases.HomeLoanEMICalculator_Test" name="setDownPayment_InCalculator" time="0.0">
    <ignored/>
  </testcase> <!-- setDownPayment_InCalculator -->
  <testcase classname="TestCases.HomeLoanEMICalculator_Test" name="propertyTaxesperyear" time="0.0">
    <ignored/>
  </testcase> <!-- propertyTaxesperyear -->
  <testcase classname="TestCases.UI_CheckForLoanAmountCalculators" name="does_setingLoan_Interest_Rate" time="0.0">
    <ignored/>
  </testcase> <!-- does_setingLoan_Interest_Rate -->
  <testcase classname="TestCases.HomeLoanEMICalculator_Test" name="SettingMaintenanceExpenses" time="0.0">
    <ignored/>
  </testcase> <!-- SettingMaintenanceExpenses -->
  <testcase classname="TestCases.HomeLoanEMICalculator_Test" name="Setting_Loan_Duration" time="0.0">
    <ignored/>
  </testcase> <!-- Setting_Loan_Duration -->
  <testcase classname="TestCases.UI_CheckForLoanTennureCalc" name="do_setsFees_AND_Charges_Amount" time="0.0">
    <ignored/>
  </testcase> <!-- do_setsFees_AND_Charges_Amount -->
  <testcase classname="TestCases.UI_CheckForInterestRATECalc" name="do_settingLoan_Amount" time="0.0">
    <ignored/>
  </testcase> <!-- do_settingLoan_Amount -->
  <testcase classname="TestCases.UI_CheckForLoanEMICalc" name="needTo_setLoan_Amount" time="0.0">
    <ignored/>
  </testcase> <!-- needTo_setLoan_Amount -->
  <testcase classname="TestCases.HomeLoanEMICalculator_Test" name="Loan_charges_set" time="0.0">
    <ignored/>
  </testcase> <!-- Loan_charges_set -->
  <testcase classname="TestCases.HomeLoanEMICalculator_Test" name="HomeLoan_Validation" time="0.0">
    <ignored/>
  </testcase> <!-- HomeLoan_Validation -->
  <testcase classname="TestCases.UI_CheckForLoanEMICalc" name="needTo_setLoan_Interest_Rate" time="0.0">
    <ignored/>
  </testcase> <!-- needTo_setLoan_Interest_Rate -->
  <testcase classname="TestCases.UI_CheckForLoanEMICalc" name="needTo_setLoan_Tennure" time="0.0">
    <ignored/>
  </testcase> <!-- needTo_setLoan_Tennure -->
  <testcase classname="TestCases.HomeLoanEMICalculator_Test" name="setHomeValue_InCalculator" time="0.0">
    <ignored/>
  </testcase> <!-- setHomeValue_InCalculator -->
  <testcase classname="TestCases.HomeLoanEMICalculator_Test" name="setting_LoanInsurance_Amount" time="0.0">
    <ignored/>
  </testcase> <!-- setting_LoanInsurance_Amount -->
  <testcase classname="TestCases.UI_CheckForLoanAmountCalculators" name="does_setingLoan_Amount" time="0.0">
    <ignored/>
  </testcase> <!-- does_setingLoan_Amount -->
  <testcase classname="TestCases.UI_CheckForLoanTennureCalc" name="do_setsLoan_Amount" time="0.0">
    <ignored/>
  </testcase> <!-- do_setsLoan_Amount -->
  <testcase classname="TestCases.HomeLoanEMICalculator_Test" name="HomeInsurancePerYear_setting" time="0.0">
    <ignored/>
  </testcase> <!-- HomeInsurancePerYear_setting -->
  <testcase classname="TestCases.UI_CheckForInterestRATECalc" name="do_setingLoan_FeesAndCharges" time="0.0">
    <ignored/>
  </testcase> <!-- do_setingLoan_FeesAndCharges -->
  <testcase classname="TestCases.EMI_CalculatorHomePage_TEST" name="refreshPage" time="0.0">
    <ignored/>
  </testcase> <!-- refreshPage -->
  <testcase classname="TestCases.UI_CheckForInterestRATECalc" name="do_setingLoan_Tennure" time="0.0">
    <ignored/>
  </testcase> <!-- do_setingLoan_Tennure -->
  <testcase classname="TestCases.HomeLoanEMICalculator_Test" name="implementing_ExcelMethods_toStoreData" time="0.0">
    <ignored/>
  </testcase> <!-- implementing_ExcelMethods_toStoreData -->
  <testcase classname="TestCases.UI_CheckForLoanEMICalc" name="needTo_setLoan_FeesAndCharges" time="0.0">
    <ignored/>
  </testcase> <!-- needTo_setLoan_FeesAndCharges -->
  <testcase classname="TestCases.UI_CheckForLoanAmountCalculators" name="LoanTennure_CalculatorIs_Present_Validation" time="0.0">
    <ignored/>
  </testcase> <!-- LoanTennure_CalculatorIs_Present_Validation -->
  <testcase classname="TestCases.UI_CheckForLoanTennureCalc" name="do_setsEMI_Amount" time="0.0">
    <ignored/>
  </testcase> <!-- do_setsEMI_Amount -->
  <testcase classname="TestCases.UI_CheckForLoanTennureCalc" name="do_setsLoan_AmountInterest_RATE" time="0.0">
    <ignored/>
  </testcase> <!-- do_setsLoan_AmountInterest_RATE -->
  <testcase classname="TestCases.HomeLoanEMICalculator_Test" name="set_Interest_Rate" time="0.0">
    <ignored/>
  </testcase> <!-- set_Interest_Rate -->
  <testcase classname="TestCases.HomeLoanEMICalculator_Test" name="LoanStartMonthAndYear_setting" time="0.0">
    <ignored/>
  </testcase> <!-- LoanStartMonthAndYear_setting -->
</testsuite> <!-- Grouping Functionalities -->
