<?xml version="1.0" encoding="UTF-8"?>
<testng-results ignored="0" total="7" passed="7" failed="0" skipped="0">
  <reporter-output>
  </reporter-output>
  <suite started-at="2024-01-23T18:25:10 IST" name="Suite" finished-at="2024-01-23T18:26:02 IST" duration-ms="52004">
    <groups>
    </groups>
    <test started-at="2024-01-23T18:25:10 IST" name="Test1" finished-at="2024-01-23T18:26:02 IST" duration-ms="52004">
      <class name="testCases.TC_003_KeyEthicsCompliance">
        <test-method is-config="true" signature="setUp()[pri:0, instance:testCases.TC_003_KeyEthicsCompliance@1c5920df]" started-at="2024-01-23T18:25:11 IST" name="setUp" finished-at="2024-01-23T18:25:20 IST" duration-ms="9013" status="PASS">
          <reporter-output>
          </reporter-output>
        </test-method> <!-- setUp -->
        <test-method signature="userVerify()[pri:1, instance:testCases.TC_003_KeyEthicsCompliance@1c5920df]" started-at="2024-01-23T18:25:20 IST" name="userVerify" finished-at="2024-01-23T18:25:29 IST" duration-ms="8733" status="PASS">
          <reporter-output>
          </reporter-output>
        </test-method> <!-- userVerify -->
        <test-method signature="getHeadersInfo()[pri:2, instance:testCases.TC_003_KeyEthicsCompliance@1c5920df]" started-at="2024-01-23T18:25:29 IST" name="getHeadersInfo" finished-at="2024-01-23T18:25:43 IST" duration-ms="13911" status="PASS">
          <reporter-output>
          </reporter-output>
        </test-method> <!-- getHeadersInfo -->
        <test-method signature="screenShot()[pri:0, instance:testCases.TC_003_KeyEthicsCompliance@1c5920df]" started-at="2024-01-23T18:25:43 IST" name="screenShot" finished-at="2024-01-23T18:25:44 IST" depends-on-methods="testCases.TC_002_HeadersInfo.getHeadersInfo" duration-ms="1659" status="PASS">
          <reporter-output>
          </reporter-output>
        </test-method> <!-- screenShot -->
        <test-method signature="titleCheck()[pri:3, instance:testCases.TC_003_KeyEthicsCompliance@1c5920df]" started-at="2024-01-23T18:25:44 IST" name="titleCheck" finished-at="2024-01-23T18:25:44 IST" duration-ms="77" status="PASS">
          <reporter-output>
          </reporter-output>
        </test-method> <!-- titleCheck -->
        <test-method signature="keyEthicsCheck()[pri:4, instance:testCases.TC_003_KeyEthicsCompliance@1c5920df]" started-at="2024-01-23T18:25:44 IST" name="keyEthicsCheck" finished-at="2024-01-23T18:25:51 IST" duration-ms="6704" status="PASS">
          <reporter-output>
          </reporter-output>
        </test-method> <!-- keyEthicsCheck -->
        <test-method signature="keyEthicsComponenetsPrint()[pri:0, instance:testCases.TC_003_KeyEthicsCompliance@1c5920df]" started-at="2024-01-23T18:25:51 IST" name="keyEthicsComponenetsPrint" finished-at="2024-01-23T18:25:52 IST" depends-on-methods="testCases.TC_003_KeyEthicsCompliance.keyEthicsCheck" duration-ms="1288" status="PASS">
          <reporter-output>
          </reporter-output>
        </test-method> <!-- keyEthicsComponenetsPrint -->
        <test-method signature="dataWrite()[pri:6, instance:testCases.TC_003_KeyEthicsCompliance@1c5920df]" started-at="2024-01-23T18:25:52 IST" name="dataWrite" finished-at="2024-01-23T18:26:02 IST" duration-ms="9681" status="PASS">
          <reporter-output>
          </reporter-output>
        </test-method> <!-- dataWrite -->
        <test-method is-config="true" signature="tearDown()[pri:0, instance:testCases.TC_003_KeyEthicsCompliance@1c5920df]" started-at="2024-01-23T18:26:02 IST" name="tearDown" finished-at="2024-01-23T18:26:02 IST" duration-ms="1" status="PASS">
          <reporter-output>
          </reporter-output>
        </test-method> <!-- tearDown -->
      </class> <!-- testCases.TC_003_KeyEthicsCompliance -->
    </test> <!-- Test1 -->
  </suite> <!-- Suite -->
</testng-results>
