<?xml version="1.0" encoding="UTF-8"?>
<!-- Generated by org.testng.reporters.JUnitXMLReporter -->
<testsuite ignored="0" hostname="LTIN226766" failures="0" tests="3" name="Test" time="51.015" errors="0" timestamp="2024-02-06T14:17:26 IST">
  <testcase classname="TestScenarios.GoogleSearchTestMethod" name="SearchOperation" time="16.088"/>
  <testcase classname="TestScenarios.GoogleSearchTestMethod" name="VerifAccessFacebook" time="5.975"/>
  <testcase classname="TestScenarios.GoogleSearchTestMethod" name="VerifyLogin" time="15.395"/>
</testsuite> <!-- Test -->
