<?xml version="1.0" encoding="UTF-8"?>
<testng-results ignored="0" total="3" passed="3" failed="0" skipped="0">
  <reporter-output>
  </reporter-output>
  <suite started-at="2024-01-22T12:53:32 IST" name="Suite" finished-at="2024-01-22T12:54:09 IST" duration-ms="36775">
    <groups>
    </groups>
    <test started-at="2024-01-22T12:53:32 IST" name="Test" finished-at="2024-01-22T12:54:09 IST" duration-ms="36775">
      <class name="TestScenarios.GoogleSearchTestMethod">
        <test-method is-config="true" signature="beforeTest()[pri:0, instance:TestScenarios.GoogleSearchTestMethod@6f204a1a]" started-at="2024-01-22T12:53:32 IST" name="beforeTest" finished-at="2024-01-22T12:53:37 IST" duration-ms="5449" status="PASS">
          <reporter-output>
          </reporter-output>
        </test-method> <!-- beforeTest -->
        <test-method signature="SearchOperation()[pri:0, instance:TestScenarios.GoogleSearchTestMethod@6f204a1a]" started-at="2024-01-22T12:53:38 IST" name="SearchOperation" finished-at="2024-01-22T12:53:44 IST" duration-ms="6649" status="PASS">
          <reporter-output>
          </reporter-output>
        </test-method> <!-- SearchOperation -->
        <test-method signature="VerifAccessFacebook()[pri:1, instance:TestScenarios.GoogleSearchTestMethod@6f204a1a]" started-at="2024-01-22T12:53:44 IST" name="VerifAccessFacebook" finished-at="2024-01-22T12:53:50 IST" duration-ms="6078" status="PASS">
          <reporter-output>
          </reporter-output>
        </test-method> <!-- VerifAccessFacebook -->
        <test-method signature="VerifyLogin()[pri:2, instance:TestScenarios.GoogleSearchTestMethod@6f204a1a]" started-at="2024-01-22T12:53:50 IST" name="VerifyLogin" finished-at="2024-01-22T12:54:06 IST" duration-ms="15309" status="PASS">
          <reporter-output>
          </reporter-output>
        </test-method> <!-- VerifyLogin -->
        <test-method is-config="true" signature="aftertest()[pri:0, instance:TestScenarios.GoogleSearchTestMethod@6f204a1a]" started-at="2024-01-22T12:54:06 IST" name="aftertest" finished-at="2024-01-22T12:54:09 IST" duration-ms="3237" status="PASS">
          <reporter-output>
          </reporter-output>
        </test-method> <!-- aftertest -->
      </class> <!-- TestScenarios.GoogleSearchTestMethod -->
    </test> <!-- Test -->
  </suite> <!-- Suite -->
</testng-results>
