<?xml version="1.0" encoding="UTF-8"?>
<testng-results ignored="0" total="0" passed="0" failed="0" skipped="0">
  <reporter-output>
  </reporter-output>
  <suite started-at="2024-01-18T11:56:08 IST" name="Default suite" finished-at="2024-01-18T11:56:08 IST" duration-ms="43">
    <groups>
    </groups>
    <test started-at="2024-01-18T11:56:08 IST" name="Default test" finished-at="2024-01-18T11:56:08 IST" duration-ms="43">
      <class name="testBases.Baseclass">
        <test-method is-config="true" signature="randomeNumber()[pri:0, instance:testBases.Baseclass@6f01b95f]" started-at="2024-01-18T11:56:08 IST" name="randomeNumber" finished-at="2024-01-18T11:56:08 IST" duration-ms="18" status="PASS">
          <reporter-output>
          </reporter-output>
        </test-method> <!-- randomeNumber -->
      </class> <!-- testBases.Baseclass -->
    </test> <!-- Default test -->
  </suite> <!-- Default suite -->
</testng-results>
