<?xml version="1.0" encoding="UTF-8"?>
<!-- Generated by org.testng.reporters.JUnitXMLReporter -->
<testsuite ignored="0" hostname="LTIN226766" failures="0" tests="45" name="Grouping Functionalities" time="108.977" errors="0" timestamp="2024-02-07T17:39:24 IST">
  <testcase classname="TestCases.GoogleHome_Test" name="search_action" time="1.727"/>
  <testcase classname="TestCases.GoogleHome_Test" name="search" time="0.665"/>
  <testcase classname="TestCases.GoogleHome_Test" name="open_webpage" time="9.105"/>
  <testcase classname="TestCases.EMI_CalculatorHomePage_TEST" name="clickONCarloan" time="0.263"/>
  <testcase classname="TestCases.EMI_CalculatorHomePage_TEST" name="refreshPage" time="0.928"/>
  <testcase classname="TestCases.EMI_CalculatorHomePage_TEST" name="load_EMICalculator_LINK" time="9.5"/>
  <testcase classname="TestCases.HomeLoanEMICalculator_Test" name="HomeLoan_Validation" time="8.193"/>
  <testcase classname="TestCases.HomeLoanEMICalculator_Test" name="setHomeValue_InCalculator" time="0.429"/>
  <testcase classname="TestCases.HomeLoanEMICalculator_Test" name="setDownPayment_InCalculator" time="0.927"/>
  <testcase classname="TestCases.HomeLoanEMICalculator_Test" name="setting_LoanInsurance_Amount" time="0.359"/>
  <testcase classname="TestCases.HomeLoanEMICalculator_Test" name="Loan_Amt_Validation" time="0.097"/>
  <testcase classname="TestCases.HomeLoanEMICalculator_Test" name="set_Interest_Rate" time="0.457"/>
  <testcase classname="TestCases.HomeLoanEMICalculator_Test" name="Setting_Loan_Duration" time="0.588"/>
  <testcase classname="TestCases.HomeLoanEMICalculator_Test" name="Loan_charges_set" time="2.56"/>
  <testcase classname="TestCases.HomeLoanEMICalculator_Test" name="Loan_StartMonthAndYear_calenderOperations" time="0.319"/>
  <testcase classname="TestCases.HomeLoanEMICalculator_Test" name="LoanStartMonthAndYear_setting" time="0.411"/>
  <testcase classname="TestCases.HomeLoanEMICalculator_Test" name="setting_OneTimeExpenses" time="2.573"/>
  <testcase classname="TestCases.HomeLoanEMICalculator_Test" name="propertyTaxesperyear" time="2.511"/>
  <testcase classname="TestCases.HomeLoanEMICalculator_Test" name="HomeInsurancePerYear_setting" time="3.394"/>
  <testcase classname="TestCases.HomeLoanEMICalculator_Test" name="SettingMaintenanceExpenses" time="0.316"/>
  <testcase classname="TestCases.HomeLoanEMICalculator_Test" name="implementing_ExcelMethods_toStoreData" time="15.878"/>
  <testcase classname="TestCases.HomeLoanEMICalculator_Test" name="Navigation_toNextPage" time="3.368"/>
  <testcase classname="TestCases.UI_CheckForLoanAmountCalculators" name="validation_Of_EMI_Calculator" time="0.166"/>
  <testcase classname="TestCases.UI_CheckForLoanAmountCalculators" name="validationOf_Loan_Amount_Calculator" time="0.086"/>
  <testcase classname="TestCases.UI_CheckForLoanAmountCalculators" name="validationOf_Loan_Tenure_Calculator" time="0.08"/>
  <testcase classname="TestCases.UI_CheckForLoanAmountCalculators" name="validationOf_Loan_Interest_Calculator" time="0.077"/>
  <testcase classname="TestCases.UI_CheckForLoanAmountCalculators" name="does_setingLoan_Amount" time="0.329"/>
  <testcase classname="TestCases.UI_CheckForLoanAmountCalculators" name="does_setingLoan_Interest_Rate" time="0.46"/>
  <testcase classname="TestCases.UI_CheckForLoanAmountCalculators" name="LoanTennure_CalculatorIs_Present_Validation" time="0.46"/>
  <testcase classname="TestCases.UI_CheckForLoanAmountCalculators" name="does_setingLoan_FeesAndCharges" time="0.594"/>
  <testcase classname="TestCases.UI_CheckForLoanEMICalc" name="needTo_setLoan_Amount" time="0.398"/>
  <testcase classname="TestCases.UI_CheckForLoanEMICalc" name="needTo_setLoan_Interest_Rate" time="0.398"/>
  <testcase classname="TestCases.UI_CheckForLoanEMICalc" name="needTo_setLoan_Tennure" time="0.389"/>
  <testcase classname="TestCases.UI_CheckForLoanEMICalc" name="needTo_setLoan_FeesAndCharges" time="0.446"/>
  <testcase classname="TestCases.UI_CheckForLoanEMICalc" name="needTo_NavigateToNxtPage" time="0.23"/>
  <testcase classname="TestCases.UI_CheckForLoanTennureCalc" name="do_setsLoan_Amount" time="3.461"/>
  <testcase classname="TestCases.UI_CheckForLoanTennureCalc" name="do_setsEMI_Amount" time="0.577"/>
  <testcase classname="TestCases.UI_CheckForLoanTennureCalc" name="do_setsLoan_AmountInterest_RATE" time="0.544"/>
  <testcase classname="TestCases.UI_CheckForLoanTennureCalc" name="do_setsFees_AND_Charges_Amount" time="0.571"/>
  <testcase classname="TestCases.UI_CheckForLoanTennureCalc" name="do_NavigateToNextPAGE" time="0.336"/>
  <testcase classname="TestCases.UI_CheckForInterestRATECalc" name="do_settingLoan_Amount" time="0.5"/>
  <testcase classname="TestCases.UI_CheckForInterestRATECalc" name="do_settingEMI_Amount" time="0.367"/>
  <testcase classname="TestCases.UI_CheckForInterestRATECalc" name="do_setingLoan_Tennure" time="0.436"/>
  <testcase classname="TestCases.UI_CheckForInterestRATECalc" name="do_setingLoan_FeesAndCharges" time="0.537"/>
  <testcase classname="TestCases.UI_CheckForInterestRATECalc" name="do_validation_Result" time="0.053"/>
</testsuite> <!-- Grouping Functionalities -->
