<?xml version="1.0" encoding="UTF-8"?>
<!-- Generated by org.testng.reporters.JUnitXMLReporter -->
<testsuite ignored="0" hostname="LTIN226766" failures="0" tests="6" name="edgetest" time="42.934" errors="0" timestamp="2024-01-22T12:04:37 IST">
  <testcase classname="testCases.BeCogHomeTest" name="userEleClickTest" time="3.483"/>
  <testcase classname="testCases.BeCogHomeTest" name="getUserNameTest" time="10.059"/>
  <testcase classname="testCases.BeCogHomeTest" name="getUserEmailTest" time="0.058"/>
  <testcase classname="testCases.BeCogHomeTest" name="visibilityOf1CTest" time="0.725"/>
  <testcase classname="testCases.BeCogHomeTest" name="clickon1CTest" time="1.021"/>
  <testcase classname="testCases.BeCogHomeTest" name="swithTo1CTest" time="8.17"/>
</testsuite> <!-- edgetest -->
